METRIC: 2025/09/02 18:01:43 Latency for xygle_getTransaction = 86.0215ms
METRIC: 2025/09/02 18:01:43 txDetail: {ID:2b3210cc4c19d169765ddf3d4a01472356dc0263bf926ab2df8f309e27091e4a TransactionID: Sender:0x36666539323765346639393737376238646331353239363333303661306237396532306466646362 Receiver:0x37646638613735316436666439626437666132653432613732613762356239313732336234653133 Value:10 Nonce:88 Timestamp:1755757277 ExecutionStatus:SUCCESS ExecutionResult:0x5472616e736665727265642031302066726f6d203666653932376534663939373737623864633135323936333330366130623739653230646664636220746f2037646638613735316436666439626437666132653432613732613762356239313732336234653133 ExecutionTimestamp:1755757277 IsFinal:true}
METRIC: 2025/09/02 18:01:43 Latency for xygle_getAccountState = 41.2851ms
METRIC: 2025/09/02 18:01:43 Starting sequential execution of 10 transactions with 1 workers
METRIC: 2025/09/02 18:01:43 Allocated nonce 351
METRIC: 2025/09/02 18:01:43 Processing transaction 1 with nonce 351
METRIC: 2025/09/02 18:01:43 Latency for xygle_transferFund = 47.6834ms
METRIC: 2025/09/02 18:01:43 Allocated nonce 352
METRIC: 2025/09/02 18:01:43 Processing transaction 2 with nonce 352
METRIC: 2025/09/02 18:01:43 Latency for xygle_transferFund = 44.0097ms
METRIC: 2025/09/02 18:01:43 Allocated nonce 353
METRIC: 2025/09/02 18:01:43 Processing transaction 3 with nonce 353
METRIC: 2025/09/02 18:01:43 Latency for xygle_transferFund = 45.1907ms
METRIC: 2025/09/02 18:01:43 Allocated nonce 354
METRIC: 2025/09/02 18:01:43 Processing transaction 4 with nonce 354
METRIC: 2025/09/02 18:01:43 Latency for xygle_transferFund = 45.8205ms
METRIC: 2025/09/02 18:01:43 Allocated nonce 355
METRIC: 2025/09/02 18:01:43 Processing transaction 5 with nonce 355
METRIC: 2025/09/02 18:01:43 Latency for xygle_transferFund = 44.7022ms
METRIC: 2025/09/02 18:01:43 Allocated nonce 356
METRIC: 2025/09/02 18:01:43 Processing transaction 6 with nonce 356
METRIC: 2025/09/02 18:01:43 Latency for xygle_transferFund = 45.2893ms
METRIC: 2025/09/02 18:01:43 Allocated nonce 357
METRIC: 2025/09/02 18:01:43 Processing transaction 7 with nonce 357
METRIC: 2025/09/02 18:01:43 Latency for xygle_transferFund = 44.5611ms
METRIC: 2025/09/02 18:01:43 Allocated nonce 358
METRIC: 2025/09/02 18:01:43 Processing transaction 8 with nonce 358
METRIC: 2025/09/02 18:01:43 Latency for xygle_transferFund = 44.4926ms
METRIC: 2025/09/02 18:01:43 Allocated nonce 359
METRIC: 2025/09/02 18:01:43 Processing transaction 9 with nonce 359
METRIC: 2025/09/02 18:01:43 Latency for xygle_transferFund = 44.0899ms
METRIC: 2025/09/02 18:01:43 Allocated nonce 360
METRIC: 2025/09/02 18:01:43 Processing transaction 10 with nonce 360
METRIC: 2025/09/02 18:01:43 Latency for xygle_transferFund = 43.2449ms
METRIC: 2025/09/02 18:01:43 Transaction 1 submitted successfully (nonce=351, txID=aa47728f31d340d614f01f2362d7e3c492d7d91d4ae5161ecb62a89228d848c8, latency=0.048s)
METRIC: 2025/09/02 18:01:43 Transaction 2 submitted successfully (nonce=352, txID=0cda49ecdc3af3210924452a3614d08e3083b0385ab0fc307bd2f54f4a7ab97e, latency=0.044s)
METRIC: 2025/09/02 18:01:43 Transaction 3 submitted successfully (nonce=353, txID=bb26e9121c41f7acaf465b83c79db18c1b9e7c67165fbbbfd33c1ac2dcc8203d, latency=0.045s)
METRIC: 2025/09/02 18:01:43 Transaction 4 submitted successfully (nonce=354, txID=f45d24108df44a899e6a89b83c08d7e15ba1b3130bafc5187f299fc0a4d0443f, latency=0.046s)
METRIC: 2025/09/02 18:01:43 Transaction 5 submitted successfully (nonce=355, txID=cd9b73a734397090ad860acef57af95d7b820db166e61b5ddf914d7976f8dafd, latency=0.045s)
METRIC: 2025/09/02 18:01:43 Transaction 6 submitted successfully (nonce=356, txID=8917f91c7dd6556fadaae14dd29c295b541a96b4b2aa78c3c40f571e2a2fd94b, latency=0.046s)
METRIC: 2025/09/02 18:01:43 Transaction 7 submitted successfully (nonce=357, txID=e4898c6779a8a50904c2b518dc0b8b880d75e741883509d22f5e0e5416ee6131, latency=0.045s)
METRIC: 2025/09/02 18:01:43 Transaction 8 submitted successfully (nonce=358, txID=7364027a623406fc67e4eed9b0822bf9c35fb70f46980f296ce94929dadb48d6, latency=0.044s)
METRIC: 2025/09/02 18:01:43 Transaction 9 submitted successfully (nonce=359, txID=2fc2ede77af8e3df6281d76591016c0d1d41f1d92e2b5213815eebf3b95a411b, latency=0.044s)
METRIC: 2025/09/02 18:01:43 Transaction 10 submitted successfully (nonce=360, txID=10b03473a030a32342afc089e568d873a9ef2d67327685c8fd4402858ab9df0a, latency=0.043s)
METRIC: 2025/09/02 18:01:43 Submission phase completed: 10 successful, 0 failed
METRIC: 2025/09/02 18:01:43 Waiting for transaction completion...
METRIC: 2025/09/02 18:01:43 Latency for xygle_getTransaction = 43.7251ms
METRIC: 2025/09/02 18:01:43 Tx aa47728f31d340d614f01f2362d7e3c492d7d91d4ae5161ecb62a89228d848c8 executed (status=SUCCESS)
METRIC: 2025/09/02 18:01:43 Tx aa47728f31d340d614f01f2362d7e3c492d7d91d4ae5161ecb62a89228d848c8 is final =true)
METRIC: 2025/09/02 18:01:43 Latency for xygle_getTransaction = 41.1346ms
METRIC: 2025/09/02 18:01:43 Tx 0cda49ecdc3af3210924452a3614d08e3083b0385ab0fc307bd2f54f4a7ab97e executed (status=SUCCESS)
METRIC: 2025/09/02 18:01:43 Tx 0cda49ecdc3af3210924452a3614d08e3083b0385ab0fc307bd2f54f4a7ab97e is final =true)
METRIC: 2025/09/02 18:01:43 Latency for xygle_getTransaction = 45.4301ms
METRIC: 2025/09/02 18:01:43 Tx 2fc2ede77af8e3df6281d76591016c0d1d41f1d92e2b5213815eebf3b95a411b executed (status=SUCCESS)
METRIC: 2025/09/02 18:01:43 Tx 2fc2ede77af8e3df6281d76591016c0d1d41f1d92e2b5213815eebf3b95a411b is final =true)
METRIC: 2025/09/02 18:01:43 Latency for xygle_getTransaction = 40.9659ms
METRIC: 2025/09/02 18:01:43 Tx 10b03473a030a32342afc089e568d873a9ef2d67327685c8fd4402858ab9df0a executed (status=SUCCESS)
METRIC: 2025/09/02 18:01:43 Tx 10b03473a030a32342afc089e568d873a9ef2d67327685c8fd4402858ab9df0a is final =true)
METRIC: 2025/09/02 18:01:43 Latency for xygle_getTransaction = 41.2396ms
METRIC: 2025/09/02 18:01:43 Tx bb26e9121c41f7acaf465b83c79db18c1b9e7c67165fbbbfd33c1ac2dcc8203d executed (status=SUCCESS)
METRIC: 2025/09/02 18:01:43 Tx bb26e9121c41f7acaf465b83c79db18c1b9e7c67165fbbbfd33c1ac2dcc8203d is final =true)
METRIC: 2025/09/02 18:01:43 Latency for xygle_getTransaction = 40.8714ms
METRIC: 2025/09/02 18:01:43 Tx f45d24108df44a899e6a89b83c08d7e15ba1b3130bafc5187f299fc0a4d0443f executed (status=SUCCESS)
METRIC: 2025/09/02 18:01:43 Tx f45d24108df44a899e6a89b83c08d7e15ba1b3130bafc5187f299fc0a4d0443f is final =true)
METRIC: 2025/09/02 18:01:43 Latency for xygle_getTransaction = 40.9754ms
METRIC: 2025/09/02 18:01:43 Tx cd9b73a734397090ad860acef57af95d7b820db166e61b5ddf914d7976f8dafd executed (status=SUCCESS)
METRIC: 2025/09/02 18:01:43 Tx cd9b73a734397090ad860acef57af95d7b820db166e61b5ddf914d7976f8dafd is final =true)
METRIC: 2025/09/02 18:01:43 Latency for xygle_getTransaction = 41.3863ms
METRIC: 2025/09/02 18:01:43 Tx 8917f91c7dd6556fadaae14dd29c295b541a96b4b2aa78c3c40f571e2a2fd94b executed (status=SUCCESS)
METRIC: 2025/09/02 18:01:43 Tx 8917f91c7dd6556fadaae14dd29c295b541a96b4b2aa78c3c40f571e2a2fd94b is final =true)
METRIC: 2025/09/02 18:01:43 Latency for xygle_getTransaction = 41.1833ms
METRIC: 2025/09/02 18:01:43 Tx e4898c6779a8a50904c2b518dc0b8b880d75e741883509d22f5e0e5416ee6131 executed (status=SUCCESS)
METRIC: 2025/09/02 18:01:43 Tx e4898c6779a8a50904c2b518dc0b8b880d75e741883509d22f5e0e5416ee6131 is final =true)
METRIC: 2025/09/02 18:01:43 Latency for xygle_getTransaction = 42.3714ms
METRIC: 2025/09/02 18:01:43 Tx 7364027a623406fc67e4eed9b0822bf9c35fb70f46980f296ce94929dadb48d6 executed (status=SUCCESS)
METRIC: 2025/09/02 18:01:43 Tx 7364027a623406fc67e4eed9b0822bf9c35fb70f46980f296ce94929dadb48d6 is final =true)
METRIC: 2025/09/02 18:01:44 Latency for xygle_getTransaction = 41.9783ms
METRIC: 2025/09/02 18:01:44 Latency for xygle_getTransaction = 40.8975ms
METRIC: 2025/09/02 18:01:44 Latency for xygle_getTransaction = 41.6496ms
METRIC: 2025/09/02 18:01:44 Latency for xygle_getTransaction = 42.0016ms
METRIC: 2025/09/02 18:01:44 Latency for xygle_getTransaction = 42.3328ms
METRIC: 2025/09/02 18:01:44 Latency for xygle_getTransaction = 41.2063ms
METRIC: 2025/09/02 18:01:44 Latency for xygle_getTransaction = 48.3803ms
METRIC: 2025/09/02 18:01:44 Latency for xygle_getTransaction = 40.9893ms
METRIC: 2025/09/02 18:01:44 Latency for xygle_getTransaction = 41.0244ms
METRIC: 2025/09/02 18:01:44 Latency for xygle_getTransaction = 41.0607ms
METRIC: 2025/09/02 18:01:45 Execution phase completed: Executed=10, Finalized=10
METRIC: 2025/09/02 18:01:45 Tx 2fc2ede77af8e3df6281d76591016c0d1d41f1d92e2b5213815eebf3b95a411b latency=0.13s
METRIC: 2025/09/02 18:01:45 Tx aa47728f31d340d614f01f2362d7e3c492d7d91d4ae5161ecb62a89228d848c8 latency=0.40s
METRIC: 2025/09/02 18:01:45 Tx 0cda49ecdc3af3210924452a3614d08e3083b0385ab0fc307bd2f54f4a7ab97e latency=0.40s
METRIC: 2025/09/02 18:01:45 Tx 7364027a623406fc67e4eed9b0822bf9c35fb70f46980f296ce94929dadb48d6 latency=0.46s
METRIC: 2025/09/02 18:01:45 Tx bb26e9121c41f7acaf465b83c79db18c1b9e7c67165fbbbfd33c1ac2dcc8203d latency=0.48s
METRIC: 2025/09/02 18:01:45 Tx f45d24108df44a899e6a89b83c08d7e15ba1b3130bafc5187f299fc0a4d0443f latency=0.47s
METRIC: 2025/09/02 18:01:45 Tx cd9b73a734397090ad860acef57af95d7b820db166e61b5ddf914d7976f8dafd latency=0.47s
METRIC: 2025/09/02 18:01:45 Tx 8917f91c7dd6556fadaae14dd29c295b541a96b4b2aa78c3c40f571e2a2fd94b latency=0.47s
METRIC: 2025/09/02 18:01:45 Tx e4898c6779a8a50904c2b518dc0b8b880d75e741883509d22f5e0e5416ee6131 latency=0.46s
METRIC: 2025/09/02 18:01:45 Tx 10b03473a030a32342afc089e568d873a9ef2d67327685c8fd4402858ab9df0a latency=0.13s
METRIC: 2025/09/02 18:01:45 Tx bb26e9121c41f7acaf465b83c79db18c1b9e7c67165fbbbfd33c1ac2dcc8203d time_to_final=0.48s
METRIC: 2025/09/02 18:01:45 Tx f45d24108df44a899e6a89b83c08d7e15ba1b3130bafc5187f299fc0a4d0443f time_to_final=0.47s
METRIC: 2025/09/02 18:01:45 Tx cd9b73a734397090ad860acef57af95d7b820db166e61b5ddf914d7976f8dafd time_to_final=0.47s
METRIC: 2025/09/02 18:01:45 Tx e4898c6779a8a50904c2b518dc0b8b880d75e741883509d22f5e0e5416ee6131 time_to_final=0.46s
METRIC: 2025/09/02 18:01:45 Tx 7364027a623406fc67e4eed9b0822bf9c35fb70f46980f296ce94929dadb48d6 time_to_final=0.46s
METRIC: 2025/09/02 18:01:45 Tx aa47728f31d340d614f01f2362d7e3c492d7d91d4ae5161ecb62a89228d848c8 time_to_final=0.40s
METRIC: 2025/09/02 18:01:45 Tx 0cda49ecdc3af3210924452a3614d08e3083b0385ab0fc307bd2f54f4a7ab97e time_to_final=0.40s
METRIC: 2025/09/02 18:01:45 Tx 2fc2ede77af8e3df6281d76591016c0d1d41f1d92e2b5213815eebf3b95a411b time_to_final=0.13s
METRIC: 2025/09/02 18:01:45 Tx 10b03473a030a32342afc089e568d873a9ef2d67327685c8fd4402858ab9df0a time_to_final=0.13s
METRIC: 2025/09/02 18:01:45 Tx 8917f91c7dd6556fadaae14dd29c295b541a96b4b2aa78c3c40f571e2a2fd94b time_to_final=0.47s
METRIC: 2025/09/02 18:01:45 PERFORMANCE SUMMARY
METRIC: 2025/09/02 18:01:45 Total submitted: 10, Successful: 10, Failed: 0
METRIC: 2025/09/02 18:01:45 Executed: 10, Finalized: 10
METRIC: 2025/09/02 18:01:45 Average latency: 0.39s over 10 executed txs
METRIC: 2025/09/02 18:01:45 Average time-to-finality: 0.39s over 10 finalized txs
METRIC: 2025/09/02 18:01:45 Estimated TPS: 10.00
